<?xml version="1.0" encoding="UTF-8"?>
<testsuites name="BMC_API_Assignment - All Test Cases" time="19.157" tests="5" failures="0" errors="0">
   <testsuite name="BMC_API_Assignment - All Test Cases" tests="5" failures="0" errors="0" time="19.157" skipped="0" timestamp="2022-11-30 01:29:19" hostname="Ganesh - DESKTOP-24A4UP9" id="Test Suites/BMC_API_Assignment - All Test Cases">
      <properties>
         <property name="deviceName" value=""/>
         <property name="devicePlatform" value=""/>
         <property name="logFolder" value="C:\\Users\\Ganesh\\Katalon Studio\\BMC_Software_API Assignment\\Reports\\20221130_012913\\BMC_API_Assignment - All Test Cases\\20221130_012914"/>
         <property name="logFiles" value="C:\\Users\\Ganesh\\Katalon Studio\\BMC_Software_API Assignment\\Reports\\20221130_012913\\BMC_API_Assignment - All Test Cases\\20221130_012914\\execution0.log"/>
         <property name="attachments" value=""/>
         <property name="hostName" value="Ganesh - DESKTOP-24A4UP9"/>
         <property name="hostAddress" value="192.168.1.11"/>
         <property name="os" value="Windows 10 64bit"/>
         <property name="katalonVersion" value="8.5.1.208"/>
      </properties>
      <testcase name="Test Cases/1. GET Bookings" time="8.793" classname="Test Cases/1. GET Bookings" status="PASSED">
         <system-out><![CDATA[2022-11-30 01:29:20 - [TEST_CASE][PASSED] - Test Cases/1. GET Bookings: Test Cases/1. GET Bookings

2022-11-30 01:29:21 - [TEST_STEP][PASSED] - response = sendRequest(findTestObject("GET Bookings")): Send request successfully

2022-11-30 01:29:28 - [MESSAGE][INFO] - HAR: C:\Users\Ganesh\Katalon Studio\BMC_Software_API Assignment\Reports\20221130_012913\BMC_API_Assignment - All Test Cases\20221130_012914\requests\main\0.har

2022-11-30 01:29:29 - [MESSAGE][PASSED] - Send request successfully

2022-11-30 01:29:29 - [TEST_STEP][PASSED] - slurper = new groovy.json.JsonSlurper(): null

2022-11-30 01:29:29 - [TEST_STEP][PASSED] - result = slurper.parseText(response.getResponseBodyContent()): null

2022-11-30 01:29:29 - [TEST_STEP][PASSED] - bookingId = bookingId: null

2022-11-30 01:29:29 - [TEST_STEP][PASSED] - verifyResponseStatusCode(response, successCode): Verify response status code successfully

2022-11-30 01:29:29 - [MESSAGE][PASSED] - Verify response status code successfully]]></system-out>
         <system-err><![CDATA[]]></system-err>
      </testcase>
      <testcase name="Test Cases/2. GET Booking By Id" time="1.869" classname="Test Cases/2. GET Booking By Id" status="PASSED">
         <system-out><![CDATA[2022-11-30 01:29:29 - [TEST_CASE][PASSED] - Test Cases/2. GET Booking By Id: Test Cases/2. GET Booking By Id

2022-11-30 01:29:29 - [TEST_STEP][PASSED] - response = sendRequest(findTestObject("GET Booking By Id")): Send request successfully

2022-11-30 01:29:31 - [MESSAGE][INFO] - HAR: C:\Users\Ganesh\Katalon Studio\BMC_Software_API Assignment\Reports\20221130_012913\BMC_API_Assignment - All Test Cases\20221130_012914\requests\main\1.har

2022-11-30 01:29:31 - [MESSAGE][PASSED] - Send request successfully

2022-11-30 01:29:31 - [TEST_STEP][PASSED] - verifyResponseStatusCode(response, successCode): Verify response status code successfully

2022-11-30 01:29:31 - [MESSAGE][PASSED] - Verify response status code successfully]]></system-out>
         <system-err><![CDATA[]]></system-err>
      </testcase>
      <testcase name="Test Cases/3. CREATE Booking" time="1.883" classname="Test Cases/3. CREATE Booking" status="PASSED">
         <system-out><![CDATA[2022-11-30 01:29:31 - [TEST_CASE][PASSED] - Test Cases/3. CREATE Booking: Test Cases/3. CREATE Booking

2022-11-30 01:29:31 - [TEST_STEP][PASSED] - response = sendRequest(findTestObject("CREATE Booking")): Send request successfully

2022-11-30 01:29:33 - [MESSAGE][INFO] - HAR: C:\Users\Ganesh\Katalon Studio\BMC_Software_API Assignment\Reports\20221130_012913\BMC_API_Assignment - All Test Cases\20221130_012914\requests\main\2.har

2022-11-30 01:29:33 - [MESSAGE][PASSED] - Send request successfully

2022-11-30 01:29:33 - [TEST_STEP][PASSED] - verifyResponseStatusCode(response, 200): Verify response status code successfully

2022-11-30 01:29:33 - [MESSAGE][PASSED] - Verify response status code successfully]]></system-out>
         <system-err><![CDATA[]]></system-err>
      </testcase>
      <testcase name="Test Cases/4. UPDATE Booking" time="2.755" classname="Test Cases/4. UPDATE Booking" status="PASSED">
         <system-out><![CDATA[2022-11-30 01:29:33 - [TEST_CASE][PASSED] - Test Cases/4. UPDATE Booking: Test Cases/4. UPDATE Booking

2022-11-30 01:29:34 - [TEST_STEP][PASSED] - response = sendRequest(findTestObject("UPDATE Booking")): Send request successfully

2022-11-30 01:29:35 - [MESSAGE][INFO] - HAR: C:\Users\Ganesh\Katalon Studio\BMC_Software_API Assignment\Reports\20221130_012913\BMC_API_Assignment - All Test Cases\20221130_012914\requests\main\3.har

2022-11-30 01:29:35 - [MESSAGE][PASSED] - Send request successfully

2022-11-30 01:29:35 - [TEST_STEP][PASSED] - verifyResponseStatusCode(response, successCode): Verify response status code successfully

2022-11-30 01:29:35 - [MESSAGE][PASSED] - Verify response status code successfully]]></system-out>
         <system-err><![CDATA[]]></system-err>
      </testcase>
      <testcase name="Test Cases/5. DELETE Booking" time="3.247" classname="Test Cases/5. DELETE Booking" status="PASSED">
         <system-out><![CDATA[2022-11-30 01:29:35 - [TEST_CASE][PASSED] - Test Cases/5. DELETE Booking: Test Cases/5. DELETE Booking

2022-11-30 01:29:36 - [TEST_STEP][PASSED] - response = sendRequest(findTestObject("CREATE Booking")): Send request successfully

2022-11-30 01:29:37 - [MESSAGE][INFO] - HAR: C:\Users\Ganesh\Katalon Studio\BMC_Software_API Assignment\Reports\20221130_012913\BMC_API_Assignment - All Test Cases\20221130_012914\requests\main\4.har

2022-11-30 01:29:37 - [MESSAGE][PASSED] - Send request successfully

2022-11-30 01:29:37 - [TEST_STEP][PASSED] - slurper = new groovy.json.JsonSlurper(): null

2022-11-30 01:29:37 - [TEST_STEP][PASSED] - result = slurper.parseText(response.getResponseText()): null

2022-11-30 01:29:37 - [TEST_STEP][PASSED] - bookingId = bookingid: null

2022-11-30 01:29:37 - [TEST_STEP][PASSED] - verifyResponseStatusCode(response, successCode): Verify response status code successfully

2022-11-30 01:29:37 - [MESSAGE][PASSED] - Verify response status code successfully

2022-11-30 01:29:37 - [TEST_STEP][PASSED] - response1 = sendRequest(findTestObject("DELETE Booking", ["bookingId":bookingId])): Send request successfully

2022-11-30 01:29:39 - [MESSAGE][INFO] - HAR: C:\Users\Ganesh\Katalon Studio\BMC_Software_API Assignment\Reports\20221130_012913\BMC_API_Assignment - All Test Cases\20221130_012914\requests\main\5.har

2022-11-30 01:29:39 - [MESSAGE][PASSED] - Send request successfully

2022-11-30 01:29:39 - [TEST_STEP][PASSED] - verifyResponseStatusCode(response1, 201): Verify response status code successfully

2022-11-30 01:29:39 - [MESSAGE][PASSED] - Verify response status code successfully]]></system-out>
         <system-err><![CDATA[]]></system-err>
      </testcase>
      <system-out><![CDATA[2022-11-30 01:29:19 - [TEST_SUITE][PASSED] - BMC_API_Assignment - All Test Cases: Test Cases/5. DELETE Booking]]></system-out>
      <system-err><![CDATA[]]></system-err>
   </testsuite>
</testsuites>
