<?xml version="1.0" encoding="UTF-8"?>
<testsuites name="BMC_API_Assignment - All Test Cases" time="11.838" tests="3" failures="0" errors="0">
   <testsuite name="BMC_API_Assignment - All Test Cases" tests="3" failures="0" errors="0" time="11.838" skipped="0" timestamp="2022-12-11 00:08:40" hostname="Ganesh - DESKTOP-24A4UP9" id="Test Suites/BMC_API_Assignment - All Test Cases">
      <properties>
         <property name="deviceName" value=""/>
         <property name="devicePlatform" value=""/>
         <property name="logFolder" value="C:\\Users\\Ganesh\\Katalon Studio\\BMC_Software_API Assignment\\Reports\\20221211_000837\\BMC_API_Assignment - All Test Cases\\20221211_000837"/>
         <property name="logFiles" value="C:\\Users\\Ganesh\\Katalon Studio\\BMC_Software_API Assignment\\Reports\\20221211_000837\\BMC_API_Assignment - All Test Cases\\20221211_000837\\execution0.log"/>
         <property name="attachments" value=""/>
         <property name="hostName" value="Ganesh - DESKTOP-24A4UP9"/>
         <property name="hostAddress" value="192.168.1.11"/>
         <property name="os" value="Windows 10 64bit"/>
         <property name="katalonVersion" value="8.5.1.208"/>
      </properties>
      <testcase name="Test Cases/3. CREATE Booking" time="4.863" classname="Test Cases/3. CREATE Booking" status="PASSED">
         <system-out><![CDATA[2022-12-11 00:08:40 - [TEST_CASE][PASSED] - Test Cases/3. CREATE Booking: Test Cases/3. CREATE Booking

2022-12-11 00:08:40 - [TEST_STEP][PASSED] - response = sendRequest(findTestObject("CREATE Booking")): Send request successfully

2022-12-11 00:08:43 - [MESSAGE][INFO] - HAR: C:\Users\Ganesh\Katalon Studio\BMC_Software_API Assignment\Reports\20221211_000837\BMC_API_Assignment - All Test Cases\20221211_000837\requests\main\0.har

2022-12-11 00:08:44 - [MESSAGE][PASSED] - Send request successfully

2022-12-11 00:08:44 - [TEST_STEP][PASSED] - slurper = new groovy.json.JsonSlurper(): null

2022-12-11 00:08:44 - [TEST_STEP][PASSED] - result = slurper.parseText(response.getResponseBodyContent()): null

2022-12-11 00:08:44 - [TEST_STEP][PASSED] - bookingId = bookingid: null

2022-12-11 00:08:44 - [TEST_STEP][PASSED] - verifyResponseStatusCode(response, 200): Verify response status code successfully

2022-12-11 00:08:44 - [MESSAGE][PASSED] - Verify response status code successfully

2022-12-11 00:08:44 - [TEST_STEP][PASSED] - response1 = sendRequest(findTestObject("GET Booking By Id")): Send request successfully

2022-12-11 00:08:45 - [MESSAGE][INFO] - HAR: C:\Users\Ganesh\Katalon Studio\BMC_Software_API Assignment\Reports\20221211_000837\BMC_API_Assignment - All Test Cases\20221211_000837\requests\main\1.har

2022-12-11 00:08:45 - [MESSAGE][PASSED] - Send request successfully

2022-12-11 00:08:45 - [TEST_STEP][PASSED] - verifyResponseStatusCode(response1, successCode): Verify response status code successfully

2022-12-11 00:08:45 - [MESSAGE][PASSED] - Verify response status code successfully]]></system-out>
         <system-err><![CDATA[]]></system-err>
      </testcase>
      <testcase name="Test Cases/4. UPDATE Booking" time="2.736" classname="Test Cases/4. UPDATE Booking" status="PASSED">
         <system-out><![CDATA[2022-12-11 00:08:45 - [TEST_CASE][PASSED] - Test Cases/4. UPDATE Booking: Test Cases/4. UPDATE Booking

2022-12-11 00:08:45 - [TEST_STEP][PASSED] - rnd = new java.util.Random(): null

2022-12-11 00:08:45 - [TEST_STEP][PASSED] - response = sendRequest(findTestObject("UPDATE Booking", ["randomNumber":rnd.nextInt()])): Send request successfully

2022-12-11 00:08:46 - [MESSAGE][INFO] - HAR: C:\Users\Ganesh\Katalon Studio\BMC_Software_API Assignment\Reports\20221211_000837\BMC_API_Assignment - All Test Cases\20221211_000837\requests\main\2.har

2022-12-11 00:08:46 - [MESSAGE][PASSED] - Send request successfully

2022-12-11 00:08:46 - [TEST_STEP][PASSED] - slurper = new groovy.json.JsonSlurper(): null

2022-12-11 00:08:46 - [TEST_STEP][PASSED] - result = slurper.parseText(response.getResponseBodyContent()): null

2022-12-11 00:08:46 - [TEST_STEP][PASSED] - firstNameUpdated = firstname: null

2022-12-11 00:08:46 - [TEST_STEP][PASSED] - verifyResponseStatusCode(response, successCode): Verify response status code successfully

2022-12-11 00:08:46 - [MESSAGE][PASSED] - Verify response status code successfully

2022-12-11 00:08:46 - [TEST_STEP][PASSED] - response1 = sendRequest(findTestObject("GET Booking By Id")): Send request successfully

2022-12-11 00:08:48 - [MESSAGE][INFO] - HAR: C:\Users\Ganesh\Katalon Studio\BMC_Software_API Assignment\Reports\20221211_000837\BMC_API_Assignment - All Test Cases\20221211_000837\requests\main\3.har

2022-12-11 00:08:48 - [MESSAGE][PASSED] - Send request successfully

2022-12-11 00:08:48 - [TEST_STEP][PASSED] - result1 = slurper.parseText(response1.getResponseBodyContent()): null

2022-12-11 00:08:48 - [TEST_STEP][PASSED] - firstName = firstname: null

2022-12-11 00:08:48 - [TEST_STEP][PASSED] - verifyResponseStatusCode(response1, successCode): Verify response status code successfully

2022-12-11 00:08:48 - [MESSAGE][PASSED] - Verify response status code successfully

2022-12-11 00:08:48 - [TEST_STEP][PASSED] - verifyEqual(firstNameUpdated, firstName): Actual object 'Auto_-941891380' and expected object 'Auto_-941891380' are equal

2022-12-11 00:08:48 - [MESSAGE][PASSED] - Actual object 'Auto_-941891380' and expected object 'Auto_-941891380' are equal]]></system-out>
         <system-err><![CDATA[]]></system-err>
      </testcase>
      <testcase name="Test Cases/2. GET Booking By Id" time="3.982" classname="Test Cases/2. GET Booking By Id" status="PASSED">
         <system-out><![CDATA[2022-12-11 00:08:48 - [TEST_CASE][PASSED] - Test Cases/2. GET Booking By Id: Test Cases/2. GET Booking By Id

2022-12-11 00:08:48 - [TEST_STEP][PASSED] - response = sendRequest(findTestObject("GET Bookings")): Send request successfully

2022-12-11 00:08:50 - [MESSAGE][INFO] - HAR: C:\Users\Ganesh\Katalon Studio\BMC_Software_API Assignment\Reports\20221211_000837\BMC_API_Assignment - All Test Cases\20221211_000837\requests\main\4.har

2022-12-11 00:08:50 - [MESSAGE][PASSED] - Send request successfully

2022-12-11 00:08:50 - [TEST_STEP][PASSED] - slurper = new groovy.json.JsonSlurper(): null

2022-12-11 00:08:50 - [TEST_STEP][PASSED] - result = slurper.parseText(response.getResponseBodyContent()): null

2022-12-11 00:08:50 - [TEST_STEP][PASSED] - bookingId = bookingid: null

2022-12-11 00:08:50 - [TEST_STEP][PASSED] - verifyResponseStatusCode(response, successCode): Verify response status code successfully

2022-12-11 00:08:50 - [MESSAGE][PASSED] - Verify response status code successfully

2022-12-11 00:08:50 - [TEST_STEP][PASSED] - response1 = sendRequest(findTestObject("GET Booking By Id")): Send request successfully

2022-12-11 00:08:52 - [MESSAGE][INFO] - HAR: C:\Users\Ganesh\Katalon Studio\BMC_Software_API Assignment\Reports\20221211_000837\BMC_API_Assignment - All Test Cases\20221211_000837\requests\main\5.har

2022-12-11 00:08:52 - [MESSAGE][PASSED] - Send request successfully

2022-12-11 00:08:52 - [TEST_STEP][PASSED] - verifyResponseStatusCode(response1, successCode): Verify response status code successfully

2022-12-11 00:08:52 - [MESSAGE][PASSED] - Verify response status code successfully]]></system-out>
         <system-err><![CDATA[]]></system-err>
      </testcase>
      <system-out><![CDATA[2022-12-11 00:08:40 - [TEST_SUITE][PASSED] - BMC_API_Assignment - All Test Cases: Test Cases/2. GET Booking By Id]]></system-out>
      <system-err><![CDATA[]]></system-err>
   </testsuite>
</testsuites>
